<?xml version="1.0" encoding="UTF-8"?>
<!-- Generated by org.testng.reporters.JUnitReportReporter -->
<testsuite hostname="SSPL-LPTP-374" failures="0" tests="1" name="com.apidemo.restaussredtests.TC03_Test_Put_Request" time="1.884" errors="0" timestamp="2024-06-17T16:41:15 IST" skipped="0">
  <testcase classname="com.apidemo.restaussredtests.TC03_Test_Put_Request" name="putTest" time="1.884"/>
</testsuite> <!-- com.apidemo.restaussredtests.TC03_Test_Put_Request -->
