<?xml version="1.0" encoding="UTF-8"?>
<!-- Generated by org.testng.reporters.JUnitReportReporter -->
<testsuite hostname="SSPL-LPTP-374" failures="0" tests="1" name="com.apidemo.restaussredtests.TC02_Test_Post_Request" time="2.352" errors="0" timestamp="2025-03-06T10:57:18 IST" skipped="0">
  <testcase classname="com.apidemo.restaussredtests.TC02_Test_Post_Request" name="testPostData" time="2.352"/>
</testsuite> <!-- com.apidemo.restaussredtests.TC02_Test_Post_Request -->
