<?xml version="1.0" encoding="UTF-8"?>
<!-- Generated by org.testng.reporters.JUnitReportReporter -->
<testsuite hostname="SSPL-LPTP-374" failures="0" tests="4" name="com.apidemo.restaussredtests.TC06_XMLDemo" time="4.456" errors="0" timestamp="2024-06-27T15:56:56 IST" skipped="0">
  <testcase classname="com.apidemo.restaussredtests.TC06_XMLDemo" name="singleCOntentTest" time="3.017"/>
  <testcase classname="com.apidemo.restaussredtests.TC06_XMLDemo" name="multipleCOntentTest" time="0.450"/>
  <testcase classname="com.apidemo.restaussredtests.TC06_XMLDemo" name="testUsingXpath" time="0.521"/>
  <testcase classname="com.apidemo.restaussredtests.TC06_XMLDemo" name="testUsingXpathNew" time="0.468"/>
</testsuite> <!-- com.apidemo.restaussredtests.TC06_XMLDemo -->
