<?xml version="1.0" encoding="UTF-8"?>
<!-- Generated by org.testng.reporters.JUnitReportReporter -->
<testsuite hostname="SSPL-LPTP-374" failures="0" tests="1" name="com.apidemo.restaussredtests.TC02_Test_Post_Request" time="2.008" errors="0" timestamp="2024-06-17T11:17:20 IST" skipped="0">
  <testcase classname="com.apidemo.restaussredtests.TC02_Test_Post_Request" name="testPostData" time="2.008"/>
</testsuite> <!-- com.apidemo.restaussredtests.TC02_Test_Post_Request -->
