<?xml version="1.0" encoding="UTF-8"?>
<!-- Generated by org.testng.reporters.JUnitReportReporter -->
<testsuite hostname="SSPL-LPTP-374" failures="0" tests="1" name="com.apidemo.restaussredtests.TC01_Test_Get_Request" time="1.453" errors="0" timestamp="2024-06-20T16:55:03 IST" skipped="0">
  <testcase classname="com.apidemo.restaussredtests.TC01_Test_Get_Request" name="getEmployeeDetails" time="1.453"/>
</testsuite> <!-- com.apidemo.restaussredtests.TC01_Test_Get_Request -->
