<?xml version="1.0" encoding="UTF-8"?>
<!-- Generated by org.testng.reporters.JUnitReportReporter -->
<testsuite hostname="SSPL-LPTP-374" failures="0" tests="1" name="com.apidemo.restaussredtests.TC05_BasicValidations" time="1.094" errors="0" timestamp="2024-06-24T16:17:09 IST" skipped="0">
  <testcase classname="com.apidemo.restaussredtests.TC05_BasicValidations" name="validteParams" time="1.094"/>
</testsuite> <!-- com.apidemo.restaussredtests.TC05_BasicValidations -->
