<?xml version="1.0" encoding="UTF-8"?>
<!-- Generated by org.testng.reporters.JUnitReportReporter -->
<testsuite hostname="SSPL-LPTP-374" failures="0" tests="1" name="com.apidemo.restaussredtests.TC04_Test_Delete_Request" time="1.669" errors="0" timestamp="2025-03-06T11:07:23 IST" skipped="0">
  <testcase classname="com.apidemo.restaussredtests.TC04_Test_Delete_Request" name="putTest" time="1.669"/>
</testsuite> <!-- com.apidemo.restaussredtests.TC04_Test_Delete_Request -->
