<?xml version="1.0" encoding="UTF-8"?>
<!-- Generated by org.testng.reporters.JUnitReportReporter -->
<testsuite hostname="SSPL-LPTP-374" failures="0" tests="1" name="com.apidemo.restaussredtests.BasicAPI" time="1.805" errors="0" timestamp="2025-04-24T14:21:29 IST" skipped="0">
  <testcase classname="com.apidemo.restaussredtests.BasicAPI" name="validateAPITestOne" time="1.805"/>
</testsuite> <!-- com.apidemo.restaussredtests.BasicAPI -->
