<?xml version="1.0" encoding="UTF-8"?>
<!-- Generated by org.testng.reporters.JUnitReportReporter -->
<testsuite hostname="SSPL-LPTP-374" failures="0" tests="1" name="com.apidemo.restaussredtests.TC03_Test_Put_Request" time="2.202" errors="0" timestamp="2025-03-06T11:03:13 IST" skipped="0">
  <testcase classname="com.apidemo.restaussredtests.TC03_Test_Put_Request" name="putTest" time="2.202"/>
</testsuite> <!-- com.apidemo.restaussredtests.TC03_Test_Put_Request -->
